<?xml version="1.0" encoding="UTF-8"?>
<!-- Generated by org.testng.reporters.JUnitReportReporter -->
<testsuite hostname="WKWIN2804049" failures="0" tests="1" name="tests.One" time="15.259" errors="0" timestamp="2022-08-25T22:31:05 IST" skipped="0">
  <testcase classname="tests.One" name="testOne" time="15.259"/>
  <system-out/>
</testsuite> <!-- tests.One -->
