<?xml version="1.0" encoding="UTF-8"?>
<!-- Generated by org.testng.reporters.JUnitReportReporter -->
<testsuite hostname="WKWIN2804049" failures="0" tests="1" name="tests.Three" time="12.943" errors="0" timestamp="2022-08-25T22:31:05 IST" skipped="0">
  <testcase classname="tests.Three" name="testThree" time="12.943"/>
  <system-out/>
</testsuite> <!-- tests.Three -->
