<?xml version="1.0" encoding="UTF-8"?>
<!-- Generated by org.testng.reporters.JUnitReportReporter -->
<testsuite hostname="WKWIN2804049" failures="0" tests="1" name="tests.Two" time="16.364" errors="0" timestamp="2022-08-25T22:31:05 IST" skipped="0">
  <testcase classname="tests.Two" name="testTwo" time="16.364"/>
  <system-out/>
</testsuite> <!-- tests.Two -->
